<?xml version="1.0" encoding="UTF-8"?>
<testsuite xmlns:xsi="http://www.w3.org/2001/XMLSchema-instance" xsi:noNamespaceSchemaLocation="https://maven.apache.org/surefire/maven-surefire-plugin/xsd/surefire-test-report.xsd" version="3.0.2" name="com.example.demo.DemoApplicationTests" time="7.537" tests="1" errors="0" skipped="0" failures="0">
  <properties>
[...]
</properties>
  <testcase name="contextLoads" classname="com.example.demo.DemoApplicationTests" time="0.306">
    <system-out><![CDATA[20:59:33.015 [main] INFO org.springframework.test.context.support.AnnotationConfigContextLoaderUtils -- Could not detect default configuration classes for test class [com.example.demo.DemoApplicationTests]: DemoApplicationTests does not declare any static, non-private, non-final, nested classes annotated with @Configuration.
20:59:33.143 [main] INFO org.springframework.boot.test.context.SpringBootTestContextBootstrapper -- Found @SpringBootConfiguration com.example.demo.DemoApplication for test class com.example.demo.DemoApplicationTests

  .   ____          _            __ _ _
 /\\ / ___'_ __ _ _(_)_ __  __ _ \ \ \ \
( ( )\___ | '_ | '_| | '_ \/ _` | \ \ \ \
 \\/  ___)| |_)| | | | | || (_| |  ) ) ) )
  '  |____| .__|_| |_|_| |_\__, | / / / /
 =========|_|==============|___/=/_/_/_/

 :: Spring Boot ::                (v3.5.7)

2025-12-18T20:59:33.643-03:00  INFO 25648 --- [demo] [           main] com.example.demo.DemoApplicationTests    : Starting DemoApplicationTests using Java 22.0.2 with PID 25648 (started by hydra in C:\Users\hydra\Downloads\EV3FullStack2-main)
2025-12-18T20:59:33.643-03:00  INFO 25648 --- [demo] [           main] com.example.demo.DemoApplicationTests    : No active profile set, falling back to 1 default profile: "default"
2025-12-18T20:59:34.724-03:00  INFO 25648 --- [demo] [           main] .s.d.r.c.RepositoryConfigurationDelegate : Bootstrapping Spring Data JPA repositories in DEFAULT mode.
2025-12-18T20:59:34.834-03:00  INFO 25648 --- [demo] [           main] .s.d.r.c.RepositoryConfigurationDelegate : Finished Spring Data repository scanning in 90 ms. Found 10 JPA repository interfaces.
2025-12-18T20:59:35.585-03:00  INFO 25648 --- [demo] [           main] o.hibernate.jpa.internal.util.LogHelper  : HHH000204: Processing PersistenceUnitInfo [name: default]
2025-12-18T20:59:35.708-03:00  INFO 25648 --- [demo] [           main] org.hibernate.Version                    : HHH000412: Hibernate ORM core version 6.6.33.Final
2025-12-18T20:59:35.757-03:00  INFO 25648 --- [demo] [           main] o.h.c.internal.RegionFactoryInitiator    : HHH000026: Second-level cache disabled
2025-12-18T20:59:36.091-03:00  INFO 25648 --- [demo] [           main] o.s.o.j.p.SpringPersistenceUnitInfo      : No LoadTimeWeaver setup: ignoring JPA class transformer
2025-12-18T20:59:36.128-03:00  INFO 25648 --- [demo] [           main] com.zaxxer.hikari.HikariDataSource       : HikariPool-1 - Starting...
2025-12-18T20:59:36.340-03:00  INFO 25648 --- [demo] [           main] com.zaxxer.hikari.pool.HikariPool        : HikariPool-1 - Added connection conn0: url=jdbc:h2:mem:testdb user=SA
2025-12-18T20:59:36.341-03:00  INFO 25648 --- [demo] [           main] com.zaxxer.hikari.HikariDataSource       : HikariPool-1 - Start completed.
2025-12-18T20:59:36.369-03:00  WARN 25648 --- [demo] [           main] org.hibernate.orm.deprecation            : HHH90000025: H2Dialect does not need to be specified explicitly using 'hibernate.dialect' (remove the property setting and it will be selected by default)
2025-12-18T20:59:36.391-03:00  INFO 25648 --- [demo] [           main] org.hibernate.orm.connections.pooling    : HHH10001005: Database info:
	Database JDBC URL [Connecting through datasource 'HikariDataSource (HikariPool-1)']
	Database driver: undefined/unknown
	Database version: 2.3.232
	Autocommit mode: undefined/unknown
	Isolation level: undefined/unknown
	Minimum pool size: undefined/unknown
	Maximum pool size: undefined/unknown
2025-12-18T20:59:37.400-03:00  INFO 25648 --- [demo] [           main] o.h.e.t.j.p.i.JtaPlatformInitiator       : HHH000489: No JTA platform available (set 'hibernate.transaction.jta.platform' to enable JTA platform integration)
Hibernate: create table categoria (id_categoria bigint generated by default as identity, nombre_categoria varchar(50) not null, primary key (id_categoria))
Hibernate: create table comuna (id_comuna bigint generated by default as identity, comuna varchar(50) not null, primary key (id_comuna))
Hibernate: create table detalle_venta (id_detalle_venta bigint generated by default as identity, cantidad integer not null, precio_venta_unitario float(53) not null, subtotal_linea float(53) not null, id_inventario bigint, id_venta bigint, primary key (id_detalle_venta))
Hibernate: create table inventario (id_inventario bigint generated by default as identity, precio_unitario float(53), stock integer, id_producto bigint, id_talla bigint, primary key (id_inventario))
Hibernate: create table marca (id_marca bigint generated by default as identity, nombre_marca varchar(50) not null, primary key (id_marca))
Hibernate: create table producto (id_producto bigint generated by default as identity, nombre_producto varchar(50) not null, url_imagen varchar(512), id_categoria bigint not null, id_marca bigint not null, primary key (id_producto))
Hibernate: create table region (id_region bigint generated by default as identity, region varchar(50) not null, primary key (id_region))
Hibernate: create table talla (id_talla bigint generated by default as identity, talla varchar(10), primary key (id_talla))
Hibernate: create table usuario (id_usuario bigint generated by default as identity, contrasena_usuario varchar(100) not null, correo varchar(100) not null, rol enum ('ADMIN','USER'), username varchar(50) not null, id_comuna bigint, id_region bigint, primary key (id_usuario))
Hibernate: create table venta (id_venta bigint generated by default as identity, estado enum ('CANCELADA','COMPLETADA','ENVIADA','PENDIENTE','PROCESANDO'), fecha_venta date, folio bigint, iva float(53) not null, tipo_documento enum ('BOLETA','FACTURA'), total_final float(53) not null, total_neto float(53) not null, id_usuario bigint, primary key (id_venta))
Hibernate: alter table if exists categoria drop constraint if exists UK3aqfrgyp62g0jtq65n90r2xml
Hibernate: alter table if exists categoria add constraint UK3aqfrgyp62g0jtq65n90r2xml unique (nombre_categoria)
Hibernate: alter table if exists comuna drop constraint if exists UK3aoq5uqi9nnuduo1cyi8unqtc
Hibernate: alter table if exists comuna add constraint UK3aoq5uqi9nnuduo1cyi8unqtc unique (comuna)
Hibernate: alter table if exists marca drop constraint if exists UKdvp887ivreeswvt44jpd50569
Hibernate: alter table if exists marca add constraint UKdvp887ivreeswvt44jpd50569 unique (nombre_marca)
Hibernate: alter table if exists talla drop constraint if exists UKnpk4i5pqxmybp8laubm8rd6p8
Hibernate: alter table if exists talla add constraint UKnpk4i5pqxmybp8laubm8rd6p8 unique (talla)
Hibernate: alter table if exists usuario drop constraint if exists UK2mlfr087gb1ce55f2j87o74t
Hibernate: alter table if exists usuario add constraint UK2mlfr087gb1ce55f2j87o74t unique (correo)
Hibernate: alter table if exists venta drop constraint if exists UKhtvypx59116unwumh633990rg
Hibernate: alter table if exists venta add constraint UKhtvypx59116unwumh633990rg unique (folio)
Hibernate: alter table if exists detalle_venta add constraint FK5s5uwrpijlgce4tqt8vlyodu1 foreign key (id_inventario) references inventario
Hibernate: alter table if exists detalle_venta add constraint FKoknpg31rxsqnjxrsu7iy47p1o foreign key (id_venta) references venta
Hibernate: alter table if exists inventario add constraint FK16el5pdq2g1pnr09yx5scqmav foreign key (id_producto) references producto
Hibernate: alter table if exists inventario add constraint FKt5sgrvuptfqybsuyqa4pnrw1x foreign key (id_talla) references talla
Hibernate: alter table if exists producto add constraint FK9nyueixdsgbycfhf7allg8su foreign key (id_categoria) references categoria
Hibernate: alter table if exists producto add constraint FKpmfw7ds3rfuwge05ehb216r82 foreign key (id_marca) references marca
Hibernate: alter table if exists usuario add constraint FK66usbodnsnmg7h3im4b6dj20n foreign key (id_comuna) references comuna
Hibernate: alter table if exists usuario add constraint FKeuwo1f4uknnm028nufuss2tej foreign key (id_region) references region
Hibernate: alter table if exists venta add constraint FKoilu1fdfgmu7sfe0spen005ms foreign key (id_usuario) references usuario
2025-12-18T20:59:37.497-03:00  INFO 25648 --- [demo] [           main] j.LocalContainerEntityManagerFactoryBean : Initialized JPA EntityManagerFactory for persistence unit 'default'
2025-12-18T20:59:38.060-03:00  INFO 25648 --- [demo] [           main] o.s.d.j.r.query.QueryEnhancerFactory     : Hibernate is in classpath; If applicable, HQL parser will be used.
2025-12-18T20:59:39.837-03:00  INFO 25648 --- [demo] [           main] o.s.b.a.h2.H2ConsoleAutoConfiguration    : H2 console available at '/h2-console'. Database available at 'jdbc:h2:mem:testdb'
2025-12-18T20:59:39.853-03:00  INFO 25648 --- [demo] [           main] o.s.b.a.e.web.EndpointLinksResolver      : Exposing 2 endpoints beneath base path '/actuator'
2025-12-18T20:59:39.965-03:00  INFO 25648 --- [demo] [           main] com.example.demo.DemoApplicationTests    : Started DemoApplicationTests in 6.646 seconds (process running for 7.643)
]]></system-out>
    <system-err><![CDATA[Mockito is currently self-attaching to enable the inline-mock-maker. This will no longer work in future releases of the JDK. Please add Mockito as an agent to your build as described in Mockito's documentation: https://javadoc.io/doc/org.mockito/mockito-core/latest/org.mockito/org/mockito/Mockito.html#0.3
WARNING: A Java agent has been loaded dynamically (C:\Users\hydra\.m2\repository\net\bytebuddy\byte-buddy-agent\1.17.8\byte-buddy-agent-1.17.8.jar)
WARNING: If a serviceability tool is in use, please run with -XX:+EnableDynamicAgentLoading to hide this warning
WARNING: If a serviceability tool is not in use, please run with -Djdk.instrument.traceUsage for more information
WARNING: Dynamic loading of agents will be disallowed by default in a future release
]]></system-err>
  </testcase>
</testsuite>